VuelosDroid/proguard/seeds.txt
com.vuelosDroid.backEnd.behind.AlarmaService
com.vuelosDroid.backEnd.behind.AntelacionActivity
com.vuelosDroid.backEnd.behind.CargaVuelosService
com.vuelosDroid.backEnd.behind.InternetReceiver
com.vuelosDroid.backEnd.behind.MiReceiver
com.vuelosDroid.backEnd.behind.MiReceiverAntelacion
com.vuelosDroid.backEnd.behind.StartUpReceiver
com.vuelosDroid.frontEnd.AbstractActivity
com.vuelosDroid.frontEnd.AbstractActivity: void onClickPreferencias(android.view.View)
com.vuelosDroid.frontEnd.AbstractActivity: void onClickBusqueda(android.view.View)
com.vuelosDroid.frontEnd.AbstractActivity: void onClickHome(android.view.View)
com.vuelosDroid.frontEnd.AbstractActivity: void onClickFeature(android.view.View)
com.vuelosDroid.frontEnd.AlarmasActivity
com.vuelosDroid.frontEnd.AlarmasActivity: void onClickPopupResumen(android.view.View)
com.vuelosDroid.frontEnd.AlarmasActivity: void onClickPopupPreferencias(android.view.View)
com.vuelosDroid.frontEnd.AlarmasActivity: void onClickPopupBorrar(android.view.View)
com.vuelosDroid.frontEnd.AlarmasActivity: void onClickActualizar(android.view.View)
com.vuelosDroid.frontEnd.AlarmasActivity: void onClickSearch(android.view.View)
com.vuelosDroid.frontEnd.AlarmasActivity: void onClickBusqueda(android.view.View)
com.vuelosDroid.frontEnd.AlarmasActivity: void onClickHome(android.view.View)
com.vuelosDroid.frontEnd.AlarmasActivity: void onClickActualizarA(android.view.View)
com.vuelosDroid.frontEnd.BusquedaActivity
com.vuelosDroid.frontEnd.BusquedaActivity: void onClickBorrar(android.view.View)
com.vuelosDroid.frontEnd.BusquedaActivity: void onClickActualizar(android.view.View)
com.vuelosDroid.frontEnd.BusquedaActivity: void onClickPreferencias(android.view.View)
com.vuelosDroid.frontEnd.PreferenciasActivity
com.vuelosDroid.frontEnd.PreferenciasActivity: void onClickActualizar(android.view.View)
com.vuelosDroid.frontEnd.PreferenciasActivity: void onClickSearch(android.view.View)
com.vuelosDroid.frontEnd.PreferenciasActivity: void onClickGuardar(android.view.View)
com.vuelosDroid.frontEnd.PrincipalActivity
com.vuelosDroid.frontEnd.PrincipalActivity: void onClickActualizarAeropuertos(android.view.View)
com.vuelosDroid.frontEnd.ResultadoActivity
com.vuelosDroid.frontEnd.ResultadoActivity: void onClickActualizar(android.view.View)
com.vuelosDroid.frontEnd.ResultadosAbstractActivity
com.vuelosDroid.frontEnd.VueloResultadoActivity
com.vuelosDroid.frontEnd.VueloResultadoActivity: void onClickBtnManana(android.view.View)
com.vuelosDroid.frontEnd.VueloResultadoActivity: void onClickSeguimientoVuelo(android.view.View)
com.vuelosDroid.frontEnd.VueloResultadoActivity: void onClickMarcador(android.view.View)
com.vuelosDroid.frontEnd.VueloResultadoActivity: void onClickPopupPreferencias(android.view.View)
com.vuelosDroid.frontEnd.VueloResultadoActivity: void onClickPopupBorrar(android.view.View)
com.vuelosDroid.frontEnd.VueloResultadoActivity: void onClickAlarma(android.view.View)
com.vuelosDroid.frontEnd.VueloResultadoActivity: void onClickActualizar(android.view.View)
com.vuelosDroid.frontEnd.VueloResultadoActivity: void onClickSearch(android.view.View)
...
android.support.v4.app.FragmentState
android.support.v4.app.FragmentState: android.os.Parcelable$Creator CREATOR
android.support.v4.content.ModernAsyncTask$Status: android.support.v4.content.ModernAsyncTask$Status[] values()
android.support.v4.content.ModernAsyncTask$Status: android.support.v4.content.ModernAsyncTask$Status valueOf(java.lang.String)
android.support.v4.view.PagerTitleStrip
android.support.v4.view.PagerTitleStrip: PagerTitleStrip(android.content.Context,android.util.AttributeSet)
android.support.v4.view.ViewPager
android.support.v4.view.ViewPager: ViewPager(android.content.Context,android.util.AttributeSet)
android.support.v4.view.ViewPager$LayoutParams
android.support.v4.view.ViewPager$LayoutParams: ViewPager$LayoutParams(android.content.Context,android.util.AttributeSet)
android.support.v4.view.ViewPager$SavedState
android.support.v4.view.ViewPager$SavedState: android.os.Parcelable$Creator CREATOR
com.google.gson.FieldNamingPolicy: com.google.gson.FieldNamingPolicy[] values()
com.google.gson.FieldNamingPolicy: com.google.gson.FieldNamingPolicy valueOf(java.lang.String)
com.google.gson.LongSerializationPolicy: com.google.gson.LongSerializationPolicy[] values()
com.google.gson.LongSerializationPolicy: com.google.gson.LongSerializationPolicy valueOf(java.lang.String)
com.google.gson.stream.JsonScope: com.google.gson.stream.JsonScope[] values()
com.google.gson.stream.JsonScope: com.google.gson.stream.JsonScope valueOf(java.lang.String)
com.google.gson.stream.JsonToken: com.google.gson.stream.JsonToken[] values()
com.google.gson.stream.JsonToken: com.google.gson.stream.JsonToken valueOf(java.lang.String)
com.viewpagerindicator.CirclePageIndicator
com.viewpagerindicator.CirclePageIndicator: CirclePageIndicator(android.content.Context,android.util.AttributeSet)
com.viewpagerindicator.CirclePageIndicator: CirclePageIndicator(android.content.Context,android.util.AttributeSet,int)
com.viewpagerindicator.CirclePageIndicator$SavedState
com.viewpagerindicator.CirclePageIndicator$SavedState: android.os.Parcelable$Creator CREATOR
com.viewpagerindicator.TabPageIndicator
com.viewpagerindicator.TabPageIndicator: TabPageIndicator(android.content.Context,android.util.AttributeSet)
com.viewpagerindicator.TabPageIndicator$TabView
com.viewpagerindicator.TabPageIndicator$TabView: TabPageIndicator$TabView(android.content.Context,android.util.AttributeSet)
com.viewpagerindicator.TitlePageIndicator
com.viewpagerindicator.TitlePageIndicator: TitlePageIndicator(android.content.Context,android.util.AttributeSet)
com.viewpagerindicator.TitlePageIndicator: TitlePageIndicator(android.content.Context,android.util.AttributeSet,int)
com.viewpagerindicator.TitlePageIndicator$IndicatorStyle: com.viewpagerindicator.TitlePageIndicator$IndicatorStyle[] values()
com.viewpagerindicator.TitlePageIndicator$IndicatorStyle: com.viewpagerindicator.TitlePageIndicator$IndicatorStyle valueOf(java.lang.String)
com.viewpagerindicator.TitlePageIndicator$SavedState
com.viewpagerindicator.TitlePageIndicator$SavedState: android.os.Parcelable$Creator CREATOR
kankan.wheel.widget.WheelView
kankan.wheel.widget.WheelView: WheelView(android.content.Context,android.util.AttributeSet,int)
kankan.wheel.widget.WheelView: WheelView(android.content.Context,android.util.AttributeSet)
org.jsoup.Connection$Method: org.jsoup.Connection$Method[] values()
org.jsoup.Connection$Method: org.jsoup.Connection$Method valueOf(java.lang.String)
org.jsoup.nodes.Document$QuirksMode: org.jsoup.nodes.Document$QuirksMode[] values()
org.jsoup.nodes.Document$QuirksMode: org.jsoup.nodes.Document$QuirksMode valueOf(java.lang.String)
org.jsoup.nodes.Entities$EscapeMode: org.jsoup.nodes.Entities$EscapeMode[] values()
org.jsoup.nodes.Entities$EscapeMode: org.jsoup.nodes.Entities$EscapeMode valueOf(java.lang.String)