VuelosDroid/proguard/mapping.txt
com.vuelosDroid.backEnd.behind.AlarmaService -> com.vuelosDroid.backEnd.behind.AlarmaService:
    java.lang.String url -> b
    com.vuelosDroid.backEnd.scrapper.VuelosJSoup vuelosJsoup -> c
    android.app.PendingIntent pendingIntent -> d
    android.app.AlarmManager alarmManager -> a
    int red -> e
    java.lang.String aterrizadoSin -> f
    java.lang.String despegadoSin -> g
    com.vuelosDroid.backEnd.scrapper.DatosVuelo datos -> h
    java.lang.String salido -> i
    int estado -> j
    int id -> k
    android.app.NotificationManager mNotificationManager -> l
    android.content.Intent pIntent -> m
    android.os.IBinder onBind(android.content.Intent) -> onBind
    void onCreate() -> onCreate
    void onStart(android.content.Intent,int) -> onStart
    boolean tieneRed() -> a
    void onDestroy() -> onDestroy
    void controlVuelo(java.lang.String,int,com.vuelosDroid.backEnd.behind.DatosAlarma) -> a
    void getDatos(java.lang.String,com.vuelosDroid.backEnd.behind.DatosAlarma) -> a
    void ponerEstado(int,com.vuelosDroid.backEnd.behind.DatosAlarma) -> a
    void ponerEstadoAntes(int,com.vuelosDroid.backEnd.behind.DatosAlarma) -> b
    boolean verSiDespegado(java.lang.String,com.vuelosDroid.backEnd.behind.DatosAlarma) -> b
    boolean verSiCancelado(java.lang.String,com.vuelosDroid.backEnd.behind.DatosAlarma) -> c
    boolean verSiAterrizado(java.lang.String,com.vuelosDroid.backEnd.behind.DatosAlarma) -> d
com.vuelosDroid.backEnd.behind.AlarmasSql -> com.vuelosDroid.backEnd.behind.a:
    java.lang.String sqlCreate -> a
    void onCreate(android.database.sqlite.SQLiteDatabase) -> onCreate
    void onUpgrade(android.database.sqlite.SQLiteDatabase,int,int) -> onUpgrade
com.vuelosDroid.backEnd.behind.AlarmasSqlAux -> com.vuelosDroid.backEnd.behind.b:
    java.lang.String sqlCreate -> a
    void onCreate(android.database.sqlite.SQLiteDatabase) -> onCreate
    void onUpgrade(android.database.sqlite.SQLiteDatabase,int,int) -> onUpgrade
com.vuelosDroid.backEnd.behind.AntelacionActivity -> com.vuelosDroid.backEnd.behind.AntelacionActivity:
    java.lang.String origen -> a
    java.lang.String destino -> b
    java.lang.String hora -> c
    java.lang.String url -> d
    int id -> e
    int minutos -> f
    int alarma -> g
    int sonido -> h
    android.app.Activity act -> i
    void onCreate(android.os.Bundle) -> onCreate
    void notificar() -> a
    void cambiarAlarma() -> b
    void cambiarAlarma2() -> c
    void access$0(com.vuelosDroid.backEnd.behind.AntelacionActivity,int) -> a
    android.app.Activity access$1(com.vuelosDroid.backEnd.behind.AntelacionActivity) -> a
    java.lang.String access$2(com.vuelosDroid.backEnd.behind.AntelacionActivity) -> b
    java.lang.String access$3(com.vuelosDroid.backEnd.behind.AntelacionActivity) -> c
    java.lang.String access$4(com.vuelosDroid.backEnd.behind.AntelacionActivity) -> d
    int access$5(com.vuelosDroid.backEnd.behind.AntelacionActivity) -> e
    int access$6(com.vuelosDroid.backEnd.behind.AntelacionActivity) -> f
    java.lang.String access$7(com.vuelosDroid.backEnd.behind.AntelacionActivity) -> g
    int access$8(com.vuelosDroid.backEnd.behind.AntelacionActivity) -> h
    int access$9(com.vuelosDroid.backEnd.behind.AntelacionActivity) -> i
com.vuelosDroid.backEnd.behind.AntelacionActivity$1 -> com.vuelosDroid.backEnd.behind.c:
    com.vuelosDroid.backEnd.behind.AntelacionActivity this$0 -> a
    android.media.MediaPlayer val$mp -> b
    void onClick(android.content.DialogInterface,int) -> onClick
com.vuelosDroid.backEnd.behind.AntelacionActivity$2 -> com.vuelosDroid.backEnd.behind.d:
    com.vuelosDroid.backEnd.behind.AntelacionActivity this$0 -> a
    android.media.MediaPlayer val$mp -> b
    void onClick(android.content.DialogInterface,int) -> onClick
...
org.jsoup.parser.TokeniserState$26 -> a.a.c.ai:
    void read(org.jsoup.parser.Tokeniser,org.jsoup.parser.CharacterReader) -> a
org.jsoup.parser.TokeniserState$27 -> a.a.c.aj:
    void read(org.jsoup.parser.Tokeniser,org.jsoup.parser.CharacterReader) -> a
    void anythingElse$541e49b(org.jsoup.parser.Tokeniser) -> a
org.jsoup.parser.TokeniserState$28 -> a.a.c.ak:
    void read(org.jsoup.parser.Tokeniser,org.jsoup.parser.CharacterReader) -> a
org.jsoup.parser.TokeniserState$29 -> a.a.c.al:
    void read(org.jsoup.parser.Tokeniser,org.jsoup.parser.CharacterReader) -> a
org.jsoup.parser.TokeniserState$3 -> a.a.c.am:
    void read(org.jsoup.parser.Tokeniser,org.jsoup.parser.CharacterReader) -> a
org.jsoup.parser.TokeniserState$30 -> a.a.c.an:
    void read(org.jsoup.parser.Tokeniser,org.jsoup.parser.CharacterReader) -> a
org.jsoup.parser.TokeniserState$31 -> a.a.c.ao:
    void read(org.jsoup.parser.Tokeniser,org.jsoup.parser.CharacterReader) -> a
org.jsoup.parser.TokeniserState$32 -> a.a.c.ap:
    void read(org.jsoup.parser.Tokeniser,org.jsoup.parser.CharacterReader) -> a
org.jsoup.parser.TokeniserState$33 -> a.a.c.aq:
    void read(org.jsoup.parser.Tokeniser,org.jsoup.parser.CharacterReader) -> a
org.jsoup.parser.TokeniserState$34 -> a.a.c.ar:
    void read(org.jsoup.parser.Tokeniser,org.jsoup.parser.CharacterReader) -> a
org.jsoup.parser.TokeniserState$35 -> a.a.c.as:
    void read(org.jsoup.parser.Tokeniser,org.jsoup.parser.CharacterReader) -> a
org.jsoup.parser.TokeniserState$36 -> a.a.c.at:
    void read(org.jsoup.parser.Tokeniser,org.jsoup.parser.CharacterReader) -> a
org.jsoup.parser.TokeniserState$37 -> a.a.c.au:
    void read(org.jsoup.parser.Tokeniser,org.jsoup.parser.CharacterReader) -> a
org.jsoup.parser.TokeniserState$38 -> a.a.c.av:
    void read(org.jsoup.parser.Tokeniser,org.jsoup.parser.CharacterReader) -> a
org.jsoup.parser.TokeniserState$39 -> a.a.c.aw:
    void read(org.jsoup.parser.Tokeniser,org.jsoup.parser.CharacterReader) -> a
org.jsoup.parser.TokeniserState$4 -> a.a.c.ax:
    void read(org.jsoup.parser.Tokeniser,org.jsoup.parser.CharacterReader) -> a
org.jsoup.parser.TokeniserState$40 -> a.a.c.ay:
    void read(org.jsoup.parser.Tokeniser,org.jsoup.parser.CharacterReader) -> a
org.jsoup.parser.TokeniserState$41 -> a.a.c.az:
    void read(org.jsoup.parser.Tokeniser,org.jsoup.parser.CharacterReader) -> a
org.jsoup.parser.TokeniserState$42 -> a.a.c.ba:
    void read(org.jsoup.parser.Tokeniser,org.jsoup.parser.CharacterReader) -> a
org.jsoup.parser.TokeniserState$43 -> a.a.c.bb:
    void read(org.jsoup.parser.Tokeniser,org.jsoup.parser.CharacterReader) -> a
org.jsoup.parser.TokeniserState$44 -> a.a.c.bc:
    void read(org.jsoup.parser.Tokeniser,org.jsoup.parser.CharacterReader) -> a
org.jsoup.parser.TokeniserState$45 -> a.a.c.bd:
    void read(org.jsoup.parser.Tokeniser,org.jsoup.parser.CharacterReader) -> a
org.jsoup.parser.TokeniserState$46 -> a.a.c.be:
    void read(org.jsoup.parser.Tokeniser,org.jsoup.parser.CharacterReader) -> a
org.jsoup.parser.TokeniserState$47 -> a.a.c.bf:
    void read(org.jsoup.parser.Tokeniser,org.jsoup.parser.CharacterReader) -> a
org.jsoup.parser.TokeniserState$48 -> a.a.c.bg:
    void read(org.jsoup.parser.Tokeniser,org.jsoup.parser.CharacterReader) -> a
org.jsoup.parser.TokeniserState$49 -> a.a.c.bh:
    void read(org.jsoup.parser.Tokeniser,org.jsoup.parser.CharacterReader) -> a
org.jsoup.parser.TokeniserState$5 -> a.a.c.bi:
    void read(org.jsoup.parser.Tokeniser,org.jsoup.parser.CharacterReader) -> a
org.jsoup.parser.TokeniserState$50 -> a.a.c.bj:
    void read(org.jsoup.parser.Tokeniser,org.jsoup.parser.CharacterReader) -> a
org.jsoup.parser.TokeniserState$51 -> a.a.c.bk:
    void read(org.jsoup.parser.Tokeniser,org.jsoup.parser.CharacterReader) -> a
org.jsoup.parser.TokeniserState$52 -> a.a.c.bl:
    void read(org.jsoup.parser.Tokeniser,org.jsoup.parser.CharacterReader) -> a