VuelosDroid/proguard/usage.txt
com.vuelosDroid.R
com.vuelosDroid.R$anim
com.vuelosDroid.R$array
com.vuelosDroid.R$attr
com.vuelosDroid.R$bool
com.vuelosDroid.R$color
com.vuelosDroid.R$dimen
com.vuelosDroid.R$drawable
com.vuelosDroid.R$id
com.vuelosDroid.R$integer
com.vuelosDroid.R$layout
com.vuelosDroid.R$raw
com.vuelosDroid.R$string
com.vuelosDroid.R$style
com.vuelosDroid.R$styleable
com.vuelosDroid.backEnd.behind.AlarmaService:
    private static final java.lang.String TAG
    private long endTime
    private android.content.Intent intent
    private boolean depegado
    private boolean aterrizado
    private int SIMPLE_NOTFICATION_ID
    private static final java.lang.String TEXTO_CANCELADO
    private static final int INICIAL
    private static final int MINIMO
    private static final int MUYALTA
    private static final int ALTA
    private static final int MEDIAALTA
    private static final int MEDIA
    private static final int BAJAMEDIA
    private static final int BAJA
    private static final int MUYBAJA
    private static final int TERMINADO
    private static final int CONECTADO
    private static final int DESCONECTADO
    public static final int SI
    public static final int NO
    1109:1129:public java.lang.String getHora(java.lang.String)
com.vuelosDroid.backEnd.behind.AlarmasSql:
    private static final java.lang.String DATABASE_NAME
    public static final java.lang.String URL
    public static final java.lang.String NOMBREVUELO
    public static final java.lang.String NOMBRECOMPANY
    public static final java.lang.String AEROPUERTOORIGEN
    public static final java.lang.String FECHAORIGEN
    public static final java.lang.String HORAORIGEN
    public static final java.lang.String HORADESTINO
    public static final java.lang.String AEROPUERTODESTINO
    public static final java.lang.String ESTADOORIGEN
    public static final java.lang.String ESTADODESTINO
    public static final java.lang.String ID
    public static final java.lang.String ALARMA
    public static final java.lang.String EMPEZADO
    public static final java.lang.String SALIDO
    public static final java.lang.String TAG
    52:54:public AlarmasSql(android.content.Context,java.lang.String,android.database.sqlite.SQLiteDatabase$CursorFactory,int)
com.vuelosDroid.backEnd.behind.AlarmasSqlAux:
    private static final java.lang.String DATABASE_NAME
    public static final java.lang.String ID
    public static final java.lang.String URL
    public static final java.lang.String NOMBREVUELO
    public static final java.lang.String NOMBRECOMPANY
    public static final java.lang.String AEROPUERTOORIGEN
    public static final java.lang.String FECHAORIGEN
    public static final java.lang.String HORAORIGEN
    public static final java.lang.String HORADESTINO
    public static final java.lang.String AEROPUERTODESTINO
    public static final java.lang.String ESTADOORIGEN
    public static final java.lang.String ESTADODESTINO
    public static final java.lang.String ALARMA
    public static final java.lang.String EMPEZADO
    public static final java.lang.String SALIDO
    public static final java.lang.String ATERRIZADOSIN
    public static final java.lang.String DESPEGADOSIN
    public static final java.lang.String ATERRIZAR
    public static final java.lang.String DESPEGAR
    public static final java.lang.String CAMBIOS
    public static final java.lang.String SONIDO
    public static final java.lang.String MINUTOS
    public static final java.lang.String DESPEGADO
    public static final java.lang.String ESTADO
    public static final java.lang.String ALARMAVERDAD
    public static final java.lang.String TAG
com.vuelosDroid.backEnd.behind.AntelacionActivity:
    public static final java.lang.String TAG
    public static final int SI
    public static final int NO
...
android.support.v4.widget.SearchViewCompat$SearchViewCompatStubImpl
android.support.v4.widget.SearchViewCompatHoneycomb
android.support.v4.widget.SearchViewCompatHoneycomb$1
android.support.v4.widget.SearchViewCompatHoneycomb$OnQueryTextListenerCompatBridge
android.support.v4.widget.SimpleCursorAdapter
android.support.v4.widget.SimpleCursorAdapter$CursorToStringConverter
android.support.v4.widget.SimpleCursorAdapter$ViewBinder
com.google.gson.DefaultDateTypeAdapter
com.google.gson.FieldAttributes:
    53:53:public java.lang.Class getDeclaringClass()
    60:60:public java.lang.String getName()
    80:80:public java.lang.reflect.Type getDeclaredType()
    100:100:public java.lang.Class getDeclaredClass()
    111:111:public java.lang.annotation.Annotation getAnnotation(java.lang.Class)
    121:121:public java.util.Collection getAnnotations()
    135:135:public boolean hasModifier(int)
    146:146:java.lang.Object get(java.lang.Object)
    155:155:boolean isSynthetic()
com.google.gson.Gson:
    static final boolean DEFAULT_JSON_NON_EXECUTABLE
    private static final java.lang.String JSON_NON_EXECUTABLE_PREFIX
    451:454:public com.google.gson.JsonElement toJsonTree(java.lang.Object)
    474:476:public com.google.gson.JsonElement toJsonTree(java.lang.Object,java.lang.reflect.Type)
    535:540:public void toJson(java.lang.Object,java.lang.Appendable)
    678:679:public java.lang.Object fromJson(java.lang.String,java.lang.Class)
    702:707:public java.lang.Object fromJson(java.lang.String,java.lang.reflect.Type)
    729:732:public java.lang.Object fromJson(java.io.Reader,java.lang.Class)
    756:759:public java.lang.Object fromJson(java.io.Reader,java.lang.reflect.Type)
    764:772:private static void assertFullConsumption(java.lang.Object,com.google.gson.stream.JsonReader)
    784:807:public java.lang.Object fromJson(com.google.gson.stream.JsonReader,java.lang.reflect.Type)
    828:829:public java.lang.Object fromJson(com.google.gson.JsonElement,java.lang.Class)
    852:855:public java.lang.Object fromJson(com.google.gson.JsonElement,java.lang.reflect.Type)
com.google.gson.Gson$2:
    131:131:public java.lang.Object deserialize(com.google.gson.JsonElement,java.lang.reflect.Type)
com.google.gson.Gson$3:
    137:137:public com.google.gson.JsonElement serialize(java.lang.Object)
    140:140:public com.google.gson.JsonElement serialize(java.lang.Object,java.lang.reflect.Type)
com.google.gson.Gson$4:
    253:257:public java.lang.Double read(com.google.gson.stream.JsonReader)
    251:251:public bridge synthetic java.lang.Object read(com.google.gson.stream.JsonReader)
com.google.gson.Gson$5:
    277:281:public java.lang.Float read(com.google.gson.stream.JsonReader)
    275:275:public bridge synthetic java.lang.Object read(com.google.gson.stream.JsonReader)
com.google.gson.Gson$6:
    309:313:public java.lang.Number read(com.google.gson.stream.JsonReader)
    307:307:public bridge synthetic java.lang.Object read(com.google.gson.stream.JsonReader)
com.google.gson.Gson$FutureTypeAdapter:
    869:872:public java.lang.Object read(com.google.gson.stream.JsonReader)
com.google.gson.GsonBuilder
com.google.gson.InstanceCreator:
    public abstract java.lang.Object createInstance(java.lang.reflect.Type)
com.google.gson.JsonArray:
    61:62:public void addAll(com.google.gson.JsonArray)
    70:70:public int size()
    92:92:public com.google.gson.JsonElement get(int)
    137:140:public double getAsDouble()
    154:157:public java.math.BigDecimal getAsBigDecimal()
    171:174:public java.math.BigInteger getAsBigInteger()
    187:190:public float getAsFloat()
    203:206:public long getAsLong()
    219:222:public int getAsInt()
    227:230:public byte getAsByte()
    235:238:public char getAsCharacter()
    251:254:public short getAsShort()
com.google.gson.JsonDeserializationContext:
    public abstract java.lang.Object deserialize(com.google.gson.JsonElement,java.lang.reflect.Type)